<?xml version="1.0" encoding="UTF-8"?>
<!-- Generated by org.testng.reporters.JUnitXMLReporter -->
<testsuite ignored="0" hostname="BrahmasanisPC" failures="1" tests="2" name="Test1" time="25.596" errors="0" timestamp="2025-04-26T01:08:14 IST">
  <testcase classname="testCases.TC_Registration" name="accountRegistration" time="2.531">
    <failure type="java.lang.AssertionError" message="expected [true] but found [false]">
      <![CDATA[java.lang.AssertionError: expected [true] but found [false]
at testCases.TC_Registration.accountRegistration(TC_Registration.java:46)
at java.base/java.util.ArrayList.forEach(ArrayList.java:1511)
... Removed 31 stack frames]]>
    </failure>
  </testcase> <!-- accountRegistration -->
  <testcase classname="testCases.TC_Login" name="accountLogin" time="1.16"/>
</testsuite> <!-- Test1 -->
